2023-05-02 09:31:12 info: tempDirectory:c:\Users\BARADED\.vscode\extensions\embold-vscode.embold-0.1.4\temp
2023-05-02 09:31:12 info: Extraction complete for source: c:\Users\BARADED\.vscode\extensions\embold-vscode.embold-0.1.4\resources\embold-scanner-archive.zip, destination: c:\Users\BARADED\.vscode\extensions\embold-vscode.embold-0.1.4\temp
2023-05-02 09:31:12 info: Congratulations, your extension "Embold" is now active!
2023-05-02 10:37:39 info: file:///g%3A/%21%21%21%21%21%D0%9E%D0%91%D0%A3%D0%A7%D0%95%D0%9D%D0%98%D0%95/O_O_P/Home/HomeWork_1/Chipses.java
2023-05-02 10:37:39 error: SQLITE_ERROR: no such table: issues
2023-05-02 13:14:29 info: tempDirectory:c:\Users\BARADED\.vscode\extensions\embold-vscode.embold-0.1.4\temp
2023-05-02 13:14:29 info: Extraction complete for source: c:\Users\BARADED\.vscode\extensions\embold-vscode.embold-0.1.4\resources\embold-scanner-archive.zip, destination: c:\Users\BARADED\.vscode\extensions\embold-vscode.embold-0.1.4\temp
2023-05-02 13:14:29 info: Congratulations, your extension "Embold" is now active!
2023-05-02 13:45:34 info: tempDirectory:c:\Users\BARADED\.vscode\extensions\embold-vscode.embold-0.1.4\temp
2023-05-02 13:45:34 info: Extraction complete for source: c:\Users\BARADED\.vscode\extensions\embold-vscode.embold-0.1.4\resources\embold-scanner-archive.zip, destination: c:\Users\BARADED\.vscode\extensions\embold-vscode.embold-0.1.4\temp
2023-05-02 13:45:34 info: Congratulations, your extension "Embold" is now active!
2023-05-02 14:24:05 info: tempDirectory:c:\Users\BARADED\.vscode\extensions\embold-vscode.embold-0.1.4\temp
2023-05-02 14:24:05 info: Extraction complete for source: c:\Users\BARADED\.vscode\extensions\embold-vscode.embold-0.1.4\resources\embold-scanner-archive.zip, destination: c:\Users\BARADED\.vscode\extensions\embold-vscode.embold-0.1.4\temp
2023-05-02 14:24:05 info: Congratulations, your extension "Embold" is now active!
2023-05-02 14:29:53 info: file:///g%3A/%21%21%21%21%21%D0%9E%D0%91%D0%A3%D0%A7%D0%95%D0%9D%D0%98%D0%95/O_O_P/Home/HomeWork_1/%D0%A1hips.java
2023-05-02 14:29:53 error: SQLITE_ERROR: no such table: issues
2023-05-02 14:40:40 info: file:///g%3A/%21%21%21%21%21%D0%9E%D0%91%D0%A3%D0%A7%D0%95%D0%9D%D0%98%D0%95/O_O_P/Home/HomeWork_1/.git/thbdhe4
2023-05-02 14:40:40 error: SQLITE_ERROR: no such table: issues
2023-05-02 14:40:52 info: file:///g%3A/%21%21%21%21%21%D0%9E%D0%91%D0%A3%D0%A7%D0%95%D0%9D%D0%98%D0%95/O_O_P/Home/HomeWork_1/.git/index.lock
2023-05-02 14:40:52 error: SQLITE_ERROR: no such table: issues
